


ARM Macro Assembler    Page 1 


    1 00000000         ;/******************************************************
                       ***********************/
    2 00000000         ;/* 1986VE1T.s: Startup file for ARM Cortex-M1 Device Fa
                       mily                   */
    3 00000000         ;/******************************************************
                       ***********************/
    4 00000000         ;/* <<< Use Configuration Wizard in Context Menu >>>    
                                             */
    5 00000000         ;/******************************************************
                       ***********************/
    6 00000000         ;/* This file is part of the uVision/ARM development too
                       ls.                   */
    7 00000000         ;/* Copyright (c) 2005-2008 Keil Software. All rights re
                       served.               */
    8 00000000         ;/* This software may only be used under the terms of a 
                       valid, current,       */
    9 00000000         ;/* end user licence from KEIL for a compatible version 
                       of KEIL software      */
   10 00000000         ;/* development tools. Nothing else gives you the right 
                       to use this software. */
   11 00000000         ;/******************************************************
                       ***********************/
   12 00000000         
   13 00000000         
   14 00000000         ;// <h> Stack Configuration
   15 00000000         ;//   <o> Stack Size (in Bytes) <0x0-0xFFFFFFFF:8>
   16 00000000         ;// </h>
   17 00000000         
   18 00000000 00001000 
                       Stack_Size
                               EQU              0x00001000
   19 00000000         
   20 00000000                 AREA             STACK, NOINIT, READWRITE, ALIGN
=3
   21 00000000         Stack_Mem
                               SPACE            Stack_Size
   22 00001000         __initial_sp
   23 00001000         
   24 00001000         
   25 00001000         ;// <h> Heap Configuration
   26 00001000         ;//   <o>  Heap Size (in Bytes) <0x0-0xFFFFFFFF:8>
   27 00001000         ;// </h>
   28 00001000         
   29 00001000 00003800 
                       Heap_Size
                               EQU              0x00003800
   30 00001000 8555AAA1 
                       BKP_KEY EQU              0x8555aaa1
   31 00001000 400010F0 
                       BKP_BASE_KEY
                               EQU              0x400010F0
   32 00001000 40001100 
                       BKP_RG60_0
                               EQU              0x40001100
   33 00001000 40001110 
                       BKP_RG60_1
                               EQU              0x40001110
   34 00001000 40001120 
                       BKP_RG60_2



ARM Macro Assembler    Page 2 


                               EQU              0x40001120
   35 00001000         
   36 00001000         
   37 00001000                 AREA             HEAP, NOINIT, READWRITE, ALIGN=
3
   38 00000000         __heap_base
   39 00000000         Heap_Mem
                               SPACE            Heap_Size
   40 00003800         __heap_limit
   41 00003800         
   42 00003800                 PRESERVE8
   43 00003800                 THUMB
   44 00003800         
   45 00003800         ; Vector Table Mapped to Address 0 at Reset
   46 00003800         
   47 00003800                 AREA             RESET, DATA, READONLY
   48 00000000                 EXPORT           __Vectors
   49 00000000                 EXPORT           __Vectors_End
   50 00000000                 EXPORT           __Vectors_Size
   51 00000000         
   52 00000000 00000000 
                       __Vectors
                               DCD              __initial_sp ; Top of Stack
   53 00000004 00000000        DCD              Reset_Handler ; Reset Handler
   54 00000008 00000000        DCD              NMI_Handler ; NMI Handler
   55 0000000C 00000000        DCD              HardFault_Handler ; Hard Fault 
                                                            Handler
   56 00000010 00000000        DCD              MemoryMngFault_Handler ; Memory
                                                            MngFault_Handler
   57 00000014 00000000        DCD              BusFault_Handler 
                                                            ; BusFault_Handler
   58 00000018 00000000        DCD              UsageFault_Handler ; UsageFault
                                                            _Handler
   59 0000001C 00000000        DCD              0           ; Reserved
   60 00000020 00000000        DCD              0           ; Reserved
   61 00000024 00000000        DCD              0           ; Reserved
   62 00000028 00000000        DCD              0           ; Reserved
   63 0000002C 00000000        DCD              SVCall_Handler ; SVCall Handler
                                                            
   64 00000030 00000000        DCD              0           ; Reserved
   65 00000034 00000000        DCD              0           ; Reserved
   66 00000038 00000000        DCD              PendSV_Handler ; PendSV Handler
                                                            
   67 0000003C 00000000        DCD              SysTick_Handler 
                                                            ; SysTick Handler
   68 00000040 00000000        DCD              0           ; Reserved16
   69 00000044 00000000        DCD              0           ; Reserved17
   70 00000048 00000000        DCD              0           ; Reserved18
   71 0000004C 00000000        DCD              0           ; Reserved19
   72 00000050 00000000        DCD              0           ; Reserved20
   73 00000054 00000000        DCD              0           ; Reserved21
   74 00000058 00000000        DCD              0           ; Reserved22
   75 0000005C 00000000        DCD              0           ; Reserved23
   76 00000060 00000000        DCD              0           ; Reserved24
   77 00000064 00000000        DCD              0           ; Reserved25
   78 00000068 00000000        DCD              0           ; Reserved26
   79 0000006C 00000000        DCD              0           ; Reserved27
   80 00000070 00000000        DCD              0           ; Reserved28
   81 00000074 00000000        DCD              0           ; Reserved29



ARM Macro Assembler    Page 3 


   82 00000078 00000000        DCD              0           ; Reserved30
   83 0000007C 00000000        DCD              0           ; Reserved31
   84 00000080 00000000        DCD              0           ; Reserved32
   85 00000084 00000000        DCD              0           ; Reserved33
   86 00000088 00000000        DCD              0           ; Reserved34
   87 0000008C 00000000        DCD              0           ; Reserved35
   88 00000090 00000000        DCD              0           ; Reserved36
   89 00000094 00000000        DCD              0           ; Reserved37
   90 00000098 00000000        DCD              0
   91 0000009C 00000000        DCD              0
   92 000000A0 00000000        DCD              0
   93 000000A4 00000000        DCD              0
   94 000000A8 00000000        DCD              0
   95 000000AC 00000000        DCD              0
   96 000000B0 00000000        DCD              0
   97 000000B4 00000000        DCD              0
   98 000000B8 00000000        DCD              0
   99 000000BC 00000000        DCD              0
  100 000000C0 00000000        DCD              FT_IF0_Handler ; FT_IF0_Handler
                                                            
  101 000000C4 00000000        DCD              FT_IF1_Handler ; FT_IF1_Handler
                                                            
  102 000000C8 00000000        DCD              FT_IF2_Handler ; FT_IF2_Handler
                                                            
  103 000000CC 00000000        DCD              FT_IF3_Handler ; FT_IF3_Handler
                                                            
  104 000000D0 00000000        DCD              CLK_IF_Handler ; CLK_IF_Handler
                                                            
  105 000000D4 00000000        DCD              PVD_IF_Handler ; PVD_IF_Handler
                                                            
  106 000000D8 00000000        DCD              RTC_IF_Handler ; RTC_IF_Handler
                                                            
  107 000000DC 00000000        DCD              BKP_IF_Handler ; BKP_IF_Handler
                                                            
  108 000000E0 00000000        DCD              EXT_INTERROR0_Handler ; EXT_INT
                                                            ERROR0_Handler
  109 000000E4 00000000        DCD              EXT_INTERROR1_Handler ; EXT_INT
                                                            ERROR1_Handler
  110 000000E8 00000000        DCD              EXT_INTERROR2_Handler ; EXT_INT
                                                            ERROR2_Handler
  111 000000EC 00000000        DCD              EXT_INTERROR3_Handler ; EXT_INT
                                                            ERROR3_Handler
  112 000000F0 00000000        DCD              EXT_INTERROR4_Handler ; EXT_INT
                                                            ERROR4_Handler
  113 000000F4 00000000        DCD              EXT_INTERROR5_Handler ; EXT_INT
                                                            ERROR5_Handler
  114 000000F8 00000000        DCD              EXT_INTERROR6_Handler ; EXT_INT
                                                            ERROR6_Handler
  115 000000FC 00000000        DCD              EXT_INTERROR7_Handler ; EXT_INT
                                                            ERROR7_Handler
  116 00000100 00000000        DCD              IF_ERR_SCR_Handler ; IF_ERR_SCR
                                                            _Handler     
  117 00000104 00000000        DCD              IF_FIN_SCR_Handler ; IF_FIN_SCR
                                                            _Handler     
  118 00000108 00000000        DCD              DMA_ERR_Handler 
                                                            ; DMA_ERR_Handler 
  119 0000010C 00000000        DCD              DMA_DONE0_Handler ; DMA_DONE0_H
                                                            andler 
  120 00000110 00000000        DCD              DMA_DONE1_Handler 



ARM Macro Assembler    Page 4 


                                                            ; DMA_DONE1_Handler
                                                            
  121 00000114 00000000        DCD              0           ; DMA_DONE2_Handler
                                                             
  122 00000118 00000000        DCD              0           ; DMA_DONE3_Handler
                                                             
  123 0000011C 00000000        DCD              0           ; DMA_DONE4_Handler
                                                             
  124 00000120 00000000        DCD              0           ; DMA_DONE5_Handler
                                                             
  125 00000124 00000000        DCD              0           ; DMA_DONE6_Handler
                                                             
  126 00000128 00000000        DCD              0           ; DMA_DONE7_Handler
                                                             
  127 0000012C 00000000        DCD              0           ; DMA_DONE8_Handler
                                                             
  128 00000130 00000000        DCD              0           ; DMA_DONE9_Handler
                                                             
  129 00000134 00000000        DCD              0           ; DMA_DONE10_Handle
                                                            r 
  130 00000138 00000000        DCD              0           ; DMA_DONE11_Handle
                                                            r
  131 0000013C 00000000        DCD              0           ; DMA_DONE12_Handle
                                                            r 
  132 00000140 00000000        DCD              0           ; DMA_DONE13_Handle
                                                            r
  133 00000144 00000000        DCD              0           ; DMA_DONE14_Handle
                                                            r 
  134 00000148 00000000        DCD              0           ; DMA_DONE15_Handle
                                                            r 
  135 0000014C 00000000        DCD              0           ; DMA_DONE16_Handle
                                                            r 
  136 00000150 00000000        DCD              0           ; DMA_DONE17_Handle
                                                            r 
  137 00000154 00000000        DCD              0           ; DMA_DONE18_Handle
                                                            r 
  138 00000158 00000000        DCD              0           ; DMA_DONE19_Handle
                                                            r 
  139 0000015C 00000000        DCD              0           ; DMA_DONE20_Handle
                                                            r 
  140 00000160 00000000        DCD              0           ; DMA_DONE21_Handle
                                                            r 
  141 00000164 00000000        DCD              0           ; DMA_DONE22_Handle
                                                            r 
  142 00000168 00000000        DCD              0           ; DMA_DONE23_Handle
                                                            r
  143 0000016C 00000000        DCD              0           ; DMA_DONE24_Handle
                                                            r 
  144 00000170 00000000        DCD              0           ; DMA_DONE25_Handle
                                                            r
  145 00000174 00000000        DCD              0           ; DMA_DONE26_Handle
                                                            r 
  146 00000178 00000000        DCD              0           ; DMA_DONE27_Handle
                                                            r 
  147 0000017C 00000000        DCD              0           ; DMA_DONE28_Handle
                                                            r 
  148 00000180 00000000        DCD              0           ; DMA_DONE29_Handle
                                                            r 
  149 00000184 00000000        DCD              0           ; DMA_DONE30_Handle



ARM Macro Assembler    Page 5 


                                                            r 
  150 00000188 00000000        DCD              0           ; DMA_DONE31_Handle
                                                            r    
  151 0000018C 00000000        DCD              IRQ_PORTA_Handler ; IRQ_PORTA_H
                                                            andler     
  152 00000190 00000000        DCD              IRQ_PORTB_Handler 
                                                            ; IRQ_PORTB_Handler
                                                            
  153 00000194 00000000        DCD              IRQ_PORTC_Handler 
                                                            ; IRQ_PORTC_Handler
                                                            
  154 00000198 00000000        DCD              IRQ_PORTD_Handler 
                                                            ; IRQ_PORTD_Handler
                                                            
  155 0000019C 00000000        DCD              IRQ_PORTE_Handler 
                                                            ; IRQ_PORTE_Handler
                                                            
  156 000001A0 00000000        DCD              IRQ_PORTF_Handler 
                                                            ; IRQ_PORTF_Handler
                                                            
  157 000001A4 00000000        DCD              INT_ETH0_Handler 
                                                            ; INT_ETH0_Handler
  158 000001A8 00000000        DCD              INT_ETH1_Handler 
                                                            ; INT_ETH1_Handler 
                                                            
  159 000001AC 00000000        DCD              INT_SPW0_Handler 
                                                            ; INT_SPW0_Handler
  160 000001B0 00000000        DCD              INT_SPW1_Handler 
                                                            ; INT_SPW1_Handler
  161 000001B4 00000000        DCD              INT_TMR0_Handler 
                                                            ; INT_TMR0_Handler
  162 000001B8 00000000        DCD              INT_TMR1_Handler 
                                                            ; INT_TMR1_Handler
  163 000001BC 00000000        DCD              INT_TMR2_Handler 
                                                            ; INT_TMR2_Handler
  164 000001C0 00000000        DCD              INT_TMR3_Handler 
                                                            ; INT_TMR3_Handler
  165 000001C4 00000000        DCD              INT_TMR4_Handler 
                                                            ; INT_TMR4_Handler
  166 000001C8 00000000        DCD              INT_TMR5_Handler 
                                                            ; INT_TMR5_Handler
  167 000001CC 00000000        DCD              INT_CAN0_Handler 
                                                            ; INT_CAN0_Handler
  168 000001D0 00000000        DCD              INT_CAN1_Handler 
                                                            ; INT_CAN1_Handler
  169 000001D4 00000000        DCD              INT_CAN2_Handler 
                                                            ; INT_CAN2_Handler
  170 000001D8 00000000        DCD              INT_CAN3_Handler 
                                                            ; INT_CAN3_Handler
  171 000001DC 00000000        DCD              INT_CAN4_Handler ; INT_CAN4_Han
                                                            dler    
  172 000001E0 00000000        DCD              INT_SSP0_Handler 
                                                            ; INT_SSP0_Handler 
                                                            
  173 000001E4 00000000        DCD              INT_SSP1_Handler 
                                                            ; INT_SSP1_Handler
  174 000001E8 00000000        DCD              INT_SSP2_Handler 
                                                            ; INT_SSP2_Handler
  175 000001EC 00000000        DCD              INT_SSP3_Handler 



ARM Macro Assembler    Page 6 


                                                            ; INT_SSP3_Handler
  176 000001F0 00000000        DCD              INT_UART0_Handler 
                                                            ; INT_UART0_Handler
                                                            
  177 000001F4 00000000        DCD              INT_UART1_Handler 
                                                            ; INT_UART1_Handler
                                                            
  178 000001F8 00000000        DCD              INT_UART2_Handler 
                                                            ; INT_UART2_Handler
                                                            
  179 000001FC 00000000        DCD              INT_UART3_Handler 
                                                            ; INT_UART3_Handler
                                                            
  180 00000200 00000000        DCD              INT_USB_Handler 
                                                            ; INT_USB_Handler
  181 00000204 00000000        DCD              INT_RX_ARC0_Handler ; INT_RX_AR
                                                            C0_Handler
  182 00000208 00000000        DCD              INT_TX_ARC0_Handler ; INT_TX_AR
                                                            C0_Handler
  183 0000020C 00000000        DCD              INT_RX_ARC1_Handler ; INT_RX_AR
                                                            C1_Handler
  184 00000210 00000000        DCD              INT_TX_ARC1_Handler ; INT_TX_AR
                                                            C1_Handler
  185 00000214 00000000        DCD              INT_MIL0_Handler 
                                                            ; INT_MIL0_Handler
  186 00000218 00000000        DCD              INT_MIL1_Handler 
                                                            ; INT_MIL1_Handler
  187 0000021C 00000000        DCD              INT_ADC0_Handler 
                                                            ; INT_ADC0_Handler
  188 00000220 00000000        DCD              INT_ADC1_Handler 
                                                            ; INT_ADC1_Handler
  189 00000224 00000000        DCD              INT_DAC0_Handler 
                                                            ; INT_DAC0_Handler
  190 00000228 00000000        DCD              INT_DAC1_Handler ; INT_DAC1_Han
                                                            dler     
  191 0000022C 00000000        DCD              INT_CRYPTO_Handler ; INT_CRYPTO
                                                            _Handler 
  192 00000230 00000000        DCD              INT_CRC_Handler ; INT_CRC_Handl
                                                            er     
  193 00000234 00000000        DCD              INT_ECC_Handler ; INT_ECC_Handl
                                                            er        
  194 00000238         __Vectors_End
  195 00000238         
  196 00000238 00000238 
                       __Vectors_Size
                               EQU              __Vectors_End - __Vectors
  197 00000238         
  198 00000238                 AREA             |.text|, CODE, READONLY
  199 00000000         
  200 00000000         
  201 00000000         ; Reset Handler
  202 00000000         
  203 00000000         Reset_Handler
                               PROC
  204 00000000                 EXPORT           Reset_Handler   [WEAK]
  205 00000000                 IMPORT           __main
  206 00000000         
  207 00000000         ;    LDR  R0, =BKP_BASE_KEY
  208 00000000         ;    LDR  R1, =BKP_KEY



ARM Macro Assembler    Page 7 


  209 00000000         ;    STR  R1, [R0] 
  210 00000000         ;    
  211 00000000         ;    LDR  R0, =BKP_RG60_0
  212 00000000         ;    LDR  R1,[R0]
  213 00000000         ;    ORR  R1,R1,#0x10000000
  214 00000000         ;    STR  R1,[R0]
  215 00000000         ;    LDR  R0, =BKP_RG60_1
  216 00000000         ;    STR  R1,[R0]
  217 00000000         ;    LDR  R0, =BKP_RG60_2
  218 00000000         ;    STR  R1,[R0]
  219 00000000         ;    B  .
  220 00000000         
  221 00000000 4827            LDR              R0,=__main
  222 00000002 4700            BX               R0
  223 00000004                 ENDP
  224 00000004         
  225 00000004         
  226 00000004         ; Dummy Exception Handlers (infinite loops which can be 
                       modified)                
  227 00000004         
  228 00000004         NMI_Handler
                               PROC
  229 00000004                 EXPORT           NMI_Handler    [WEAK]
  230 00000004 E7FE            B                .
  231 00000006                 ENDP
  232 00000006         
  233 00000006         HardFault_Handler
                               PROC
  234 00000006                 EXPORT           HardFault_Handler    [WEAK]
  235 00000006 E7FE            B                .
  236 00000008                 ENDP
  237 00000008         
  238 00000008         MemoryMngFault_Handler
                               PROC
  239 00000008                 EXPORT           MemoryMngFault_Handler    [WEAK
]
  240 00000008 E7FE            B                .
  241 0000000A                 ENDP
  242 0000000A         
  243 0000000A         BusFault_Handler
                               PROC
  244 0000000A                 EXPORT           BusFault_Handler    [WEAK]
  245 0000000A E7FE            B                .
  246 0000000C                 ENDP
  247 0000000C         
  248 0000000C         UsageFault_Handler
                               PROC
  249 0000000C                 EXPORT           UsageFault_Handler    [WEAK]
  250 0000000C E7FE            B                .
  251 0000000E                 ENDP
  252 0000000E         
  253 0000000E         SVCall_Handler
                               PROC
  254 0000000E                 EXPORT           SVCall_Handler    [WEAK]
  255 0000000E E7FE            B                .
  256 00000010                 ENDP
  257 00000010         
  258 00000010         PendSV_Handler
                               PROC



ARM Macro Assembler    Page 8 


  259 00000010                 EXPORT           PendSV_Handler    [WEAK]
  260 00000010 E7FE            B                .
  261 00000012                 ENDP
  262 00000012         
  263 00000012         SysTick_Handler
                               PROC
  264 00000012                 EXPORT           SysTick_Handler    [WEAK]
  265 00000012 E7FE            B                .
  266 00000014                 ENDP
  267 00000014         
  268 00000014         FT_IF0_Handler
                               PROC
  269 00000014                 EXPORT           FT_IF0_Handler    [WEAK]
  270 00000014 E7FE            B                .
  271 00000016                 ENDP
  272 00000016         
  273 00000016         FT_IF1_Handler
                               PROC
  274 00000016                 EXPORT           FT_IF1_Handler    [WEAK]
  275 00000016 E7FE            B                .
  276 00000018                 ENDP
  277 00000018         
  278 00000018         FT_IF2_Handler
                               PROC
  279 00000018                 EXPORT           FT_IF2_Handler    [WEAK]
  280 00000018 E7FE            B                .
  281 0000001A                 ENDP
  282 0000001A         
  283 0000001A         FT_IF3_Handler
                               PROC
  284 0000001A                 EXPORT           FT_IF3_Handler    [WEAK]
  285 0000001A E7FE            B                .
  286 0000001C                 ENDP
  287 0000001C         
  288 0000001C         CLK_IF_Handler
                               PROC
  289 0000001C                 EXPORT           CLK_IF_Handler    [WEAK]
  290 0000001C E7FE            B                .
  291 0000001E                 ENDP
  292 0000001E         
  293 0000001E         PVD_IF_Handler
                               PROC
  294 0000001E                 EXPORT           PVD_IF_Handler    [WEAK]
  295 0000001E E7FE            B                .
  296 00000020                 ENDP
  297 00000020         
  298 00000020         RTC_IF_Handler
                               PROC
  299 00000020                 EXPORT           RTC_IF_Handler    [WEAK]
  300 00000020 E7FE            B                .
  301 00000022                 ENDP
  302 00000022         
  303 00000022         BKP_IF_Handler
                               PROC
  304 00000022                 EXPORT           BKP_IF_Handler    [WEAK]
  305 00000022 E7FE            B                .
  306 00000024                 ENDP
  307 00000024         
  308 00000024         EXT_INTERROR0_Handler



ARM Macro Assembler    Page 9 


                               PROC
  309 00000024                 EXPORT           EXT_INTERROR0_Handler    [WEAK]
  310 00000024 E7FE            B                .
  311 00000026                 ENDP
  312 00000026         
  313 00000026         EXT_INTERROR1_Handler
                               PROC
  314 00000026                 EXPORT           EXT_INTERROR1_Handler    [WEAK]
  315 00000026 E7FE            B                .
  316 00000028                 ENDP
  317 00000028         
  318 00000028         EXT_INTERROR2_Handler
                               PROC
  319 00000028                 EXPORT           EXT_INTERROR2_Handler    [WEAK]
  320 00000028 E7FE            B                .
  321 0000002A                 ENDP
  322 0000002A         
  323 0000002A         EXT_INTERROR3_Handler
                               PROC
  324 0000002A                 EXPORT           EXT_INTERROR3_Handler    [WEAK]
  325 0000002A E7FE            B                .
  326 0000002C                 ENDP
  327 0000002C         
  328 0000002C         EXT_INTERROR4_Handler
                               PROC
  329 0000002C                 EXPORT           EXT_INTERROR4_Handler    [WEAK]
  330 0000002C E7FE            B                .
  331 0000002E                 ENDP
  332 0000002E         
  333 0000002E         EXT_INTERROR5_Handler
                               PROC
  334 0000002E                 EXPORT           EXT_INTERROR5_Handler    [WEAK]
  335 0000002E E7FE            B                .
  336 00000030                 ENDP
  337 00000030         
  338 00000030         EXT_INTERROR6_Handler
                               PROC
  339 00000030                 EXPORT           EXT_INTERROR6_Handler    [WEAK]
  340 00000030 E7FE            B                .
  341 00000032                 ENDP
  342 00000032         
  343 00000032         EXT_INTERROR7_Handler
                               PROC
  344 00000032                 EXPORT           EXT_INTERROR7_Handler    [WEAK]
  345 00000032 E7FE            B                .
  346 00000034                 ENDP
  347 00000034         
  348 00000034         IF_ERR_SCR_Handler
                               PROC
  349 00000034                 EXPORT           IF_ERR_SCR_Handler    [WEAK]
  350 00000034 E7FE            B                .
  351 00000036                 ENDP
  352 00000036         
  353 00000036         IF_FIN_SCR_Handler
                               PROC
  354 00000036                 EXPORT           IF_FIN_SCR_Handler    [WEAK]
  355 00000036 E7FE            B                .
  356 00000038                 ENDP
  357 00000038         



ARM Macro Assembler    Page 10 


  358 00000038         DMA_ERR_Handler
                               PROC
  359 00000038                 EXPORT           DMA_ERR_Handler    [WEAK]
  360 00000038 E7FE            B                .
  361 0000003A                 ENDP
  362 0000003A         
  363 0000003A         DMA_DONE0_Handler
                               PROC
  364 0000003A                 EXPORT           DMA_DONE0_Handler    [WEAK]
  365 0000003A E7FE            B                .
  366 0000003C                 ENDP
  367 0000003C         
  368 0000003C         DMA_DONE1_Handler
                               PROC
  369 0000003C                 EXPORT           DMA_DONE1_Handler    [WEAK]
  370 0000003C E7FE            B                .
  371 0000003E                 ENDP
  372 0000003E         
  373 0000003E         IRQ_PORTA_Handler
                               PROC
  374 0000003E                 EXPORT           IRQ_PORTA_Handler    [WEAK]
  375 0000003E E7FE            B                .
  376 00000040                 ENDP
  377 00000040         
  378 00000040         IRQ_PORTB_Handler
                               PROC
  379 00000040                 EXPORT           IRQ_PORTB_Handler    [WEAK]
  380 00000040 E7FE            B                .
  381 00000042                 ENDP
  382 00000042         
  383 00000042         IRQ_PORTC_Handler
                               PROC
  384 00000042                 EXPORT           IRQ_PORTC_Handler    [WEAK]
  385 00000042 E7FE            B                .
  386 00000044                 ENDP
  387 00000044         
  388 00000044         IRQ_PORTD_Handler
                               PROC
  389 00000044                 EXPORT           IRQ_PORTD_Handler    [WEAK]
  390 00000044 E7FE            B                .
  391 00000046                 ENDP
  392 00000046         
  393 00000046         IRQ_PORTE_Handler
                               PROC
  394 00000046                 EXPORT           IRQ_PORTE_Handler    [WEAK]
  395 00000046 E7FE            B                .
  396 00000048                 ENDP
  397 00000048         
  398 00000048         IRQ_PORTF_Handler
                               PROC
  399 00000048                 EXPORT           IRQ_PORTF_Handler    [WEAK]
  400 00000048 E7FE            B                .
  401 0000004A                 ENDP
  402 0000004A         
  403 0000004A         INT_ETH0_Handler
                               PROC
  404 0000004A                 EXPORT           INT_ETH0_Handler    [WEAK]
  405 0000004A E7FE            B                .
  406 0000004C                 ENDP



ARM Macro Assembler    Page 11 


  407 0000004C         
  408 0000004C         INT_ETH1_Handler
                               PROC
  409 0000004C                 EXPORT           INT_ETH1_Handler    [WEAK]
  410 0000004C E7FE            B                .
  411 0000004E                 ENDP
  412 0000004E         
  413 0000004E         INT_SPW0_Handler
                               PROC
  414 0000004E                 EXPORT           INT_SPW0_Handler    [WEAK]
  415 0000004E E7FE            B                .
  416 00000050                 ENDP
  417 00000050         
  418 00000050         INT_SPW1_Handler
                               PROC
  419 00000050                 EXPORT           INT_SPW1_Handler    [WEAK]
  420 00000050 E7FE            B                .
  421 00000052                 ENDP
  422 00000052         
  423 00000052         INT_TMR0_Handler
                               PROC
  424 00000052                 EXPORT           INT_TMR0_Handler    [WEAK]
  425 00000052 E7FE            B                .
  426 00000054                 ENDP
  427 00000054         
  428 00000054         INT_TMR1_Handler
                               PROC
  429 00000054                 EXPORT           INT_TMR1_Handler    [WEAK]
  430 00000054 E7FE            B                .
  431 00000056                 ENDP
  432 00000056         
  433 00000056         INT_TMR2_Handler
                               PROC
  434 00000056                 EXPORT           INT_TMR2_Handler    [WEAK]
  435 00000056 E7FE            B                .
  436 00000058                 ENDP
  437 00000058         
  438 00000058         INT_TMR3_Handler
                               PROC
  439 00000058                 EXPORT           INT_TMR3_Handler    [WEAK]
  440 00000058 E7FE            B                .
  441 0000005A                 ENDP
  442 0000005A         
  443 0000005A         INT_TMR4_Handler
                               PROC
  444 0000005A                 EXPORT           INT_TMR4_Handler    [WEAK]
  445 0000005A E7FE            B                .
  446 0000005C                 ENDP
  447 0000005C         
  448 0000005C         INT_TMR5_Handler
                               PROC
  449 0000005C                 EXPORT           INT_TMR5_Handler    [WEAK]
  450 0000005C E7FE            B                .
  451 0000005E                 ENDP
  452 0000005E         
  453 0000005E         INT_CAN0_Handler
                               PROC
  454 0000005E                 EXPORT           INT_CAN0_Handler    [WEAK]
  455 0000005E E7FE            B                .



ARM Macro Assembler    Page 12 


  456 00000060                 ENDP
  457 00000060         
  458 00000060         INT_CAN1_Handler
                               PROC
  459 00000060                 EXPORT           INT_CAN1_Handler    [WEAK]
  460 00000060 E7FE            B                .
  461 00000062                 ENDP
  462 00000062         
  463 00000062         INT_CAN2_Handler
                               PROC
  464 00000062                 EXPORT           INT_CAN2_Handler    [WEAK]
  465 00000062 E7FE            B                .
  466 00000064                 ENDP
  467 00000064         
  468 00000064         INT_CAN3_Handler
                               PROC
  469 00000064                 EXPORT           INT_CAN3_Handler    [WEAK]
  470 00000064 E7FE            B                .
  471 00000066                 ENDP
  472 00000066         
  473 00000066         INT_CAN4_Handler
                               PROC
  474 00000066                 EXPORT           INT_CAN4_Handler    [WEAK]
  475 00000066 E7FE            B                .
  476 00000068                 ENDP
  477 00000068         
  478 00000068         INT_SSP0_Handler
                               PROC
  479 00000068                 EXPORT           INT_SSP0_Handler    [WEAK]
  480 00000068 E7FE            B                .
  481 0000006A                 ENDP
  482 0000006A         
  483 0000006A         INT_SSP1_Handler
                               PROC
  484 0000006A                 EXPORT           INT_SSP1_Handler    [WEAK]
  485 0000006A E7FE            B                .
  486 0000006C                 ENDP
  487 0000006C         
  488 0000006C         INT_SSP2_Handler
                               PROC
  489 0000006C                 EXPORT           INT_SSP2_Handler    [WEAK]
  490 0000006C E7FE            B                .
  491 0000006E                 ENDP
  492 0000006E         
  493 0000006E         INT_SSP3_Handler
                               PROC
  494 0000006E                 EXPORT           INT_SSP3_Handler    [WEAK]
  495 0000006E E7FE            B                .
  496 00000070                 ENDP
  497 00000070         
  498 00000070         INT_UART0_Handler
                               PROC
  499 00000070                 EXPORT           INT_UART0_Handler    [WEAK]
  500 00000070 E7FE            B                .
  501 00000072                 ENDP
  502 00000072         
  503 00000072         INT_UART1_Handler
                               PROC
  504 00000072                 EXPORT           INT_UART1_Handler    [WEAK]



ARM Macro Assembler    Page 13 


  505 00000072 E7FE            B                .
  506 00000074                 ENDP
  507 00000074         
  508 00000074         INT_UART2_Handler
                               PROC
  509 00000074                 EXPORT           INT_UART2_Handler    [WEAK]
  510 00000074 E7FE            B                .
  511 00000076                 ENDP
  512 00000076         
  513 00000076         INT_UART3_Handler
                               PROC
  514 00000076                 EXPORT           INT_UART3_Handler    [WEAK]
  515 00000076 E7FE            B                .
  516 00000078                 ENDP
  517 00000078         
  518 00000078         INT_USB_Handler
                               PROC
  519 00000078                 EXPORT           INT_USB_Handler    [WEAK]
  520 00000078 E7FE            B                .
  521 0000007A                 ENDP
  522 0000007A         
  523 0000007A         INT_RX_ARC0_Handler
                               PROC
  524 0000007A                 EXPORT           INT_RX_ARC0_Handler    [WEAK]
  525 0000007A E7FE            B                .
  526 0000007C                 ENDP
  527 0000007C         
  528 0000007C         INT_TX_ARC0_Handler
                               PROC
  529 0000007C                 EXPORT           INT_TX_ARC0_Handler    [WEAK]
  530 0000007C E7FE            B                .
  531 0000007E                 ENDP
  532 0000007E         
  533 0000007E         INT_RX_ARC1_Handler
                               PROC
  534 0000007E                 EXPORT           INT_RX_ARC1_Handler    [WEAK]
  535 0000007E E7FE            B                .
  536 00000080                 ENDP
  537 00000080         
  538 00000080         INT_TX_ARC1_Handler
                               PROC
  539 00000080                 EXPORT           INT_TX_ARC1_Handler    [WEAK]
  540 00000080 E7FE            B                .
  541 00000082                 ENDP
  542 00000082         
  543 00000082         INT_MIL0_Handler
                               PROC
  544 00000082                 EXPORT           INT_MIL0_Handler    [WEAK]
  545 00000082 E7FE            B                .
  546 00000084                 ENDP
  547 00000084         
  548 00000084         INT_MIL1_Handler
                               PROC
  549 00000084                 EXPORT           INT_MIL1_Handler    [WEAK]
  550 00000084 E7FE            B                .
  551 00000086                 ENDP
  552 00000086         
  553 00000086         INT_ADC0_Handler
                               PROC



ARM Macro Assembler    Page 14 


  554 00000086                 EXPORT           INT_ADC0_Handler    [WEAK]
  555 00000086 E7FE            B                .
  556 00000088                 ENDP
  557 00000088         
  558 00000088         INT_ADC1_Handler
                               PROC
  559 00000088                 EXPORT           INT_ADC1_Handler    [WEAK]
  560 00000088 E7FE            B                .
  561 0000008A                 ENDP
  562 0000008A         
  563 0000008A         INT_DAC0_Handler
                               PROC
  564 0000008A                 EXPORT           INT_DAC0_Handler    [WEAK]
  565 0000008A E7FE            B                .
  566 0000008C                 ENDP
  567 0000008C         
  568 0000008C         INT_DAC1_Handler
                               PROC
  569 0000008C                 EXPORT           INT_DAC1_Handler    [WEAK]
  570 0000008C E7FE            B                .
  571 0000008E                 ENDP
  572 0000008E         
  573 0000008E         INT_CRYPTO_Handler
                               PROC
  574 0000008E                 EXPORT           INT_CRYPTO_Handler    [WEAK]
  575 0000008E E7FE            B                .
  576 00000090                 ENDP
  577 00000090         
  578 00000090         INT_CRC_Handler
                               PROC
  579 00000090                 EXPORT           INT_CRC_Handler    [WEAK]
  580 00000090 E7FE            B                .
  581 00000092                 ENDP
  582 00000092         
  583 00000092         INT_ECC_Handler
                               PROC
  584 00000092                 EXPORT           INT_ECC_Handler    [WEAK]
  585 00000092 E7FE            B                .
  586 00000094                 ENDP
  587 00000094         
  588 00000094                 ALIGN
  589 00000094         
  590 00000094         
  591 00000094         
  592 00000094         ; User Initial Stack & Heap
  593 00000094         
  594 00000094                 IF               :DEF:__MICROLIB
  601 00000094         
  602 00000094                 IMPORT           __use_two_region_memory
  603 00000094                 EXPORT           __user_initial_stackheap
  604 00000094         __user_initial_stackheap
  605 00000094         
  606 00000094 4803            LDR              R0, =  Heap_Mem
  607 00000096 4904            LDR              R1, =(Stack_Mem + Stack_Size)
  608 00000098 4A04            LDR              R2, = (Heap_Mem +  Heap_Size)
  609 0000009A 4B05            LDR              R3, = Stack_Mem
  610 0000009C 4770            BX               LR
  611 0000009E         
  612 0000009E 00 00           ALIGN



ARM Macro Assembler    Page 15 


  613 000000A0         
  614 000000A0                 ENDIF
  615 000000A0         
  616 000000A0         
  617 000000A0                 END
              00000000 
              00000000 
              00001000 
              00003800 
              00000000 
Command Line: --debug --xref --diag_suppress=9931 --cpu=Cortex-M4 --apcs=interw
ork --depend=.\objects\startup_1986ve8t.d -o.\objects\startup_1986ve8t.o -I.\RT
E\_Target_1 -IC:\Keil_v5\ARM\PACK\ARM\CMSIS\5.4.0\CMSIS\Core\Include -IC:\Keil_
v5\ARM\PACK\Keil\MDR32F8\0.1\Libraries\CMSIS\CM4\DeviceSupport\MDR32F8\inc -IC:
\Keil_v5\ARM\PACK\Keil\MDR32F8\0.1\Libraries\MDR32F8_StdPeriph_Driver\inc --pre
define="__EVAL SETA 1" --predefine="__UVISION_VERSION SETA 523" --predefine="_R
TE_ SETA 1" --predefine="USE_MDR32F8 SETA 1" --list=.\listings\startup_1986ve8t
.lst RTE\Device\MDR32F8\startup_1986ve8t.s



ARM Macro Assembler    Page 1 Alphabetic symbol ordering
Relocatable symbols

STACK 00000000

Symbol: STACK
   Definitions
      At line 20 in file RTE\Device\MDR32F8\startup_1986ve8t.s
   Uses
      None
Comment: STACK unused
Stack_Mem 00000000

Symbol: Stack_Mem
   Definitions
      At line 21 in file RTE\Device\MDR32F8\startup_1986ve8t.s
   Uses
      At line 607 in file RTE\Device\MDR32F8\startup_1986ve8t.s
      At line 609 in file RTE\Device\MDR32F8\startup_1986ve8t.s

__initial_sp 00001000

Symbol: __initial_sp
   Definitions
      At line 22 in file RTE\Device\MDR32F8\startup_1986ve8t.s
   Uses
      At line 52 in file RTE\Device\MDR32F8\startup_1986ve8t.s
Comment: __initial_sp used once
3 symbols



ARM Macro Assembler    Page 1 Alphabetic symbol ordering
Relocatable symbols

HEAP 00000000

Symbol: HEAP
   Definitions
      At line 37 in file RTE\Device\MDR32F8\startup_1986ve8t.s
   Uses
      None
Comment: HEAP unused
Heap_Mem 00000000

Symbol: Heap_Mem
   Definitions
      At line 39 in file RTE\Device\MDR32F8\startup_1986ve8t.s
   Uses
      At line 606 in file RTE\Device\MDR32F8\startup_1986ve8t.s
      At line 608 in file RTE\Device\MDR32F8\startup_1986ve8t.s

__heap_base 00000000

Symbol: __heap_base
   Definitions
      At line 38 in file RTE\Device\MDR32F8\startup_1986ve8t.s
   Uses
      None
Comment: __heap_base unused
__heap_limit 00003800

Symbol: __heap_limit
   Definitions
      At line 40 in file RTE\Device\MDR32F8\startup_1986ve8t.s
   Uses
      None
Comment: __heap_limit unused
4 symbols



ARM Macro Assembler    Page 1 Alphabetic symbol ordering
Relocatable symbols

RESET 00000000

Symbol: RESET
   Definitions
      At line 47 in file RTE\Device\MDR32F8\startup_1986ve8t.s
   Uses
      None
Comment: RESET unused
__Vectors 00000000

Symbol: __Vectors
   Definitions
      At line 52 in file RTE\Device\MDR32F8\startup_1986ve8t.s
   Uses
      At line 48 in file RTE\Device\MDR32F8\startup_1986ve8t.s
      At line 196 in file RTE\Device\MDR32F8\startup_1986ve8t.s

__Vectors_End 00000238

Symbol: __Vectors_End
   Definitions
      At line 194 in file RTE\Device\MDR32F8\startup_1986ve8t.s
   Uses
      At line 49 in file RTE\Device\MDR32F8\startup_1986ve8t.s
      At line 196 in file RTE\Device\MDR32F8\startup_1986ve8t.s

3 symbols



ARM Macro Assembler    Page 1 Alphabetic symbol ordering
Relocatable symbols

.text 00000000

Symbol: .text
   Definitions
      At line 198 in file RTE\Device\MDR32F8\startup_1986ve8t.s
   Uses
      None
Comment: .text unused
BKP_IF_Handler 00000022

Symbol: BKP_IF_Handler
   Definitions
      At line 303 in file RTE\Device\MDR32F8\startup_1986ve8t.s
   Uses
      At line 107 in file RTE\Device\MDR32F8\startup_1986ve8t.s
      At line 304 in file RTE\Device\MDR32F8\startup_1986ve8t.s

BusFault_Handler 0000000A

Symbol: BusFault_Handler
   Definitions
      At line 243 in file RTE\Device\MDR32F8\startup_1986ve8t.s
   Uses
      At line 57 in file RTE\Device\MDR32F8\startup_1986ve8t.s
      At line 244 in file RTE\Device\MDR32F8\startup_1986ve8t.s

CLK_IF_Handler 0000001C

Symbol: CLK_IF_Handler
   Definitions
      At line 288 in file RTE\Device\MDR32F8\startup_1986ve8t.s
   Uses
      At line 104 in file RTE\Device\MDR32F8\startup_1986ve8t.s
      At line 289 in file RTE\Device\MDR32F8\startup_1986ve8t.s

DMA_DONE0_Handler 0000003A

Symbol: DMA_DONE0_Handler
   Definitions
      At line 363 in file RTE\Device\MDR32F8\startup_1986ve8t.s
   Uses
      At line 119 in file RTE\Device\MDR32F8\startup_1986ve8t.s
      At line 364 in file RTE\Device\MDR32F8\startup_1986ve8t.s

DMA_DONE1_Handler 0000003C

Symbol: DMA_DONE1_Handler
   Definitions
      At line 368 in file RTE\Device\MDR32F8\startup_1986ve8t.s
   Uses
      At line 120 in file RTE\Device\MDR32F8\startup_1986ve8t.s
      At line 369 in file RTE\Device\MDR32F8\startup_1986ve8t.s

DMA_ERR_Handler 00000038

Symbol: DMA_ERR_Handler
   Definitions
      At line 358 in file RTE\Device\MDR32F8\startup_1986ve8t.s
   Uses



ARM Macro Assembler    Page 2 Alphabetic symbol ordering
Relocatable symbols

      At line 118 in file RTE\Device\MDR32F8\startup_1986ve8t.s
      At line 359 in file RTE\Device\MDR32F8\startup_1986ve8t.s

EXT_INTERROR0_Handler 00000024

Symbol: EXT_INTERROR0_Handler
   Definitions
      At line 308 in file RTE\Device\MDR32F8\startup_1986ve8t.s
   Uses
      At line 108 in file RTE\Device\MDR32F8\startup_1986ve8t.s
      At line 309 in file RTE\Device\MDR32F8\startup_1986ve8t.s

EXT_INTERROR1_Handler 00000026

Symbol: EXT_INTERROR1_Handler
   Definitions
      At line 313 in file RTE\Device\MDR32F8\startup_1986ve8t.s
   Uses
      At line 109 in file RTE\Device\MDR32F8\startup_1986ve8t.s
      At line 314 in file RTE\Device\MDR32F8\startup_1986ve8t.s

EXT_INTERROR2_Handler 00000028

Symbol: EXT_INTERROR2_Handler
   Definitions
      At line 318 in file RTE\Device\MDR32F8\startup_1986ve8t.s
   Uses
      At line 110 in file RTE\Device\MDR32F8\startup_1986ve8t.s
      At line 319 in file RTE\Device\MDR32F8\startup_1986ve8t.s

EXT_INTERROR3_Handler 0000002A

Symbol: EXT_INTERROR3_Handler
   Definitions
      At line 323 in file RTE\Device\MDR32F8\startup_1986ve8t.s
   Uses
      At line 111 in file RTE\Device\MDR32F8\startup_1986ve8t.s
      At line 324 in file RTE\Device\MDR32F8\startup_1986ve8t.s

EXT_INTERROR4_Handler 0000002C

Symbol: EXT_INTERROR4_Handler
   Definitions
      At line 328 in file RTE\Device\MDR32F8\startup_1986ve8t.s
   Uses
      At line 112 in file RTE\Device\MDR32F8\startup_1986ve8t.s
      At line 329 in file RTE\Device\MDR32F8\startup_1986ve8t.s

EXT_INTERROR5_Handler 0000002E

Symbol: EXT_INTERROR5_Handler
   Definitions
      At line 333 in file RTE\Device\MDR32F8\startup_1986ve8t.s
   Uses
      At line 113 in file RTE\Device\MDR32F8\startup_1986ve8t.s
      At line 334 in file RTE\Device\MDR32F8\startup_1986ve8t.s

EXT_INTERROR6_Handler 00000030




ARM Macro Assembler    Page 3 Alphabetic symbol ordering
Relocatable symbols

Symbol: EXT_INTERROR6_Handler
   Definitions
      At line 338 in file RTE\Device\MDR32F8\startup_1986ve8t.s
   Uses
      At line 114 in file RTE\Device\MDR32F8\startup_1986ve8t.s
      At line 339 in file RTE\Device\MDR32F8\startup_1986ve8t.s

EXT_INTERROR7_Handler 00000032

Symbol: EXT_INTERROR7_Handler
   Definitions
      At line 343 in file RTE\Device\MDR32F8\startup_1986ve8t.s
   Uses
      At line 115 in file RTE\Device\MDR32F8\startup_1986ve8t.s
      At line 344 in file RTE\Device\MDR32F8\startup_1986ve8t.s

FT_IF0_Handler 00000014

Symbol: FT_IF0_Handler
   Definitions
      At line 268 in file RTE\Device\MDR32F8\startup_1986ve8t.s
   Uses
      At line 100 in file RTE\Device\MDR32F8\startup_1986ve8t.s
      At line 269 in file RTE\Device\MDR32F8\startup_1986ve8t.s

FT_IF1_Handler 00000016

Symbol: FT_IF1_Handler
   Definitions
      At line 273 in file RTE\Device\MDR32F8\startup_1986ve8t.s
   Uses
      At line 101 in file RTE\Device\MDR32F8\startup_1986ve8t.s
      At line 274 in file RTE\Device\MDR32F8\startup_1986ve8t.s

FT_IF2_Handler 00000018

Symbol: FT_IF2_Handler
   Definitions
      At line 278 in file RTE\Device\MDR32F8\startup_1986ve8t.s
   Uses
      At line 102 in file RTE\Device\MDR32F8\startup_1986ve8t.s
      At line 279 in file RTE\Device\MDR32F8\startup_1986ve8t.s

FT_IF3_Handler 0000001A

Symbol: FT_IF3_Handler
   Definitions
      At line 283 in file RTE\Device\MDR32F8\startup_1986ve8t.s
   Uses
      At line 103 in file RTE\Device\MDR32F8\startup_1986ve8t.s
      At line 284 in file RTE\Device\MDR32F8\startup_1986ve8t.s

HardFault_Handler 00000006

Symbol: HardFault_Handler
   Definitions
      At line 233 in file RTE\Device\MDR32F8\startup_1986ve8t.s
   Uses
      At line 55 in file RTE\Device\MDR32F8\startup_1986ve8t.s



ARM Macro Assembler    Page 4 Alphabetic symbol ordering
Relocatable symbols

      At line 234 in file RTE\Device\MDR32F8\startup_1986ve8t.s

IF_ERR_SCR_Handler 00000034

Symbol: IF_ERR_SCR_Handler
   Definitions
      At line 348 in file RTE\Device\MDR32F8\startup_1986ve8t.s
   Uses
      At line 116 in file RTE\Device\MDR32F8\startup_1986ve8t.s
      At line 349 in file RTE\Device\MDR32F8\startup_1986ve8t.s

IF_FIN_SCR_Handler 00000036

Symbol: IF_FIN_SCR_Handler
   Definitions
      At line 353 in file RTE\Device\MDR32F8\startup_1986ve8t.s
   Uses
      At line 117 in file RTE\Device\MDR32F8\startup_1986ve8t.s
      At line 354 in file RTE\Device\MDR32F8\startup_1986ve8t.s

INT_ADC0_Handler 00000086

Symbol: INT_ADC0_Handler
   Definitions
      At line 553 in file RTE\Device\MDR32F8\startup_1986ve8t.s
   Uses
      At line 187 in file RTE\Device\MDR32F8\startup_1986ve8t.s
      At line 554 in file RTE\Device\MDR32F8\startup_1986ve8t.s

INT_ADC1_Handler 00000088

Symbol: INT_ADC1_Handler
   Definitions
      At line 558 in file RTE\Device\MDR32F8\startup_1986ve8t.s
   Uses
      At line 188 in file RTE\Device\MDR32F8\startup_1986ve8t.s
      At line 559 in file RTE\Device\MDR32F8\startup_1986ve8t.s

INT_CAN0_Handler 0000005E

Symbol: INT_CAN0_Handler
   Definitions
      At line 453 in file RTE\Device\MDR32F8\startup_1986ve8t.s
   Uses
      At line 167 in file RTE\Device\MDR32F8\startup_1986ve8t.s
      At line 454 in file RTE\Device\MDR32F8\startup_1986ve8t.s

INT_CAN1_Handler 00000060

Symbol: INT_CAN1_Handler
   Definitions
      At line 458 in file RTE\Device\MDR32F8\startup_1986ve8t.s
   Uses
      At line 168 in file RTE\Device\MDR32F8\startup_1986ve8t.s
      At line 459 in file RTE\Device\MDR32F8\startup_1986ve8t.s

INT_CAN2_Handler 00000062

Symbol: INT_CAN2_Handler



ARM Macro Assembler    Page 5 Alphabetic symbol ordering
Relocatable symbols

   Definitions
      At line 463 in file RTE\Device\MDR32F8\startup_1986ve8t.s
   Uses
      At line 169 in file RTE\Device\MDR32F8\startup_1986ve8t.s
      At line 464 in file RTE\Device\MDR32F8\startup_1986ve8t.s

INT_CAN3_Handler 00000064

Symbol: INT_CAN3_Handler
   Definitions
      At line 468 in file RTE\Device\MDR32F8\startup_1986ve8t.s
   Uses
      At line 170 in file RTE\Device\MDR32F8\startup_1986ve8t.s
      At line 469 in file RTE\Device\MDR32F8\startup_1986ve8t.s

INT_CAN4_Handler 00000066

Symbol: INT_CAN4_Handler
   Definitions
      At line 473 in file RTE\Device\MDR32F8\startup_1986ve8t.s
   Uses
      At line 171 in file RTE\Device\MDR32F8\startup_1986ve8t.s
      At line 474 in file RTE\Device\MDR32F8\startup_1986ve8t.s

INT_CRC_Handler 00000090

Symbol: INT_CRC_Handler
   Definitions
      At line 578 in file RTE\Device\MDR32F8\startup_1986ve8t.s
   Uses
      At line 192 in file RTE\Device\MDR32F8\startup_1986ve8t.s
      At line 579 in file RTE\Device\MDR32F8\startup_1986ve8t.s

INT_CRYPTO_Handler 0000008E

Symbol: INT_CRYPTO_Handler
   Definitions
      At line 573 in file RTE\Device\MDR32F8\startup_1986ve8t.s
   Uses
      At line 191 in file RTE\Device\MDR32F8\startup_1986ve8t.s
      At line 574 in file RTE\Device\MDR32F8\startup_1986ve8t.s

INT_DAC0_Handler 0000008A

Symbol: INT_DAC0_Handler
   Definitions
      At line 563 in file RTE\Device\MDR32F8\startup_1986ve8t.s
   Uses
      At line 189 in file RTE\Device\MDR32F8\startup_1986ve8t.s
      At line 564 in file RTE\Device\MDR32F8\startup_1986ve8t.s

INT_DAC1_Handler 0000008C

Symbol: INT_DAC1_Handler
   Definitions
      At line 568 in file RTE\Device\MDR32F8\startup_1986ve8t.s
   Uses
      At line 190 in file RTE\Device\MDR32F8\startup_1986ve8t.s
      At line 569 in file RTE\Device\MDR32F8\startup_1986ve8t.s



ARM Macro Assembler    Page 6 Alphabetic symbol ordering
Relocatable symbols


INT_ECC_Handler 00000092

Symbol: INT_ECC_Handler
   Definitions
      At line 583 in file RTE\Device\MDR32F8\startup_1986ve8t.s
   Uses
      At line 193 in file RTE\Device\MDR32F8\startup_1986ve8t.s
      At line 584 in file RTE\Device\MDR32F8\startup_1986ve8t.s

INT_ETH0_Handler 0000004A

Symbol: INT_ETH0_Handler
   Definitions
      At line 403 in file RTE\Device\MDR32F8\startup_1986ve8t.s
   Uses
      At line 157 in file RTE\Device\MDR32F8\startup_1986ve8t.s
      At line 404 in file RTE\Device\MDR32F8\startup_1986ve8t.s

INT_ETH1_Handler 0000004C

Symbol: INT_ETH1_Handler
   Definitions
      At line 408 in file RTE\Device\MDR32F8\startup_1986ve8t.s
   Uses
      At line 158 in file RTE\Device\MDR32F8\startup_1986ve8t.s
      At line 409 in file RTE\Device\MDR32F8\startup_1986ve8t.s

INT_MIL0_Handler 00000082

Symbol: INT_MIL0_Handler
   Definitions
      At line 543 in file RTE\Device\MDR32F8\startup_1986ve8t.s
   Uses
      At line 185 in file RTE\Device\MDR32F8\startup_1986ve8t.s
      At line 544 in file RTE\Device\MDR32F8\startup_1986ve8t.s

INT_MIL1_Handler 00000084

Symbol: INT_MIL1_Handler
   Definitions
      At line 548 in file RTE\Device\MDR32F8\startup_1986ve8t.s
   Uses
      At line 186 in file RTE\Device\MDR32F8\startup_1986ve8t.s
      At line 549 in file RTE\Device\MDR32F8\startup_1986ve8t.s

INT_RX_ARC0_Handler 0000007A

Symbol: INT_RX_ARC0_Handler
   Definitions
      At line 523 in file RTE\Device\MDR32F8\startup_1986ve8t.s
   Uses
      At line 181 in file RTE\Device\MDR32F8\startup_1986ve8t.s
      At line 524 in file RTE\Device\MDR32F8\startup_1986ve8t.s

INT_RX_ARC1_Handler 0000007E

Symbol: INT_RX_ARC1_Handler
   Definitions



ARM Macro Assembler    Page 7 Alphabetic symbol ordering
Relocatable symbols

      At line 533 in file RTE\Device\MDR32F8\startup_1986ve8t.s
   Uses
      At line 183 in file RTE\Device\MDR32F8\startup_1986ve8t.s
      At line 534 in file RTE\Device\MDR32F8\startup_1986ve8t.s

INT_SPW0_Handler 0000004E

Symbol: INT_SPW0_Handler
   Definitions
      At line 413 in file RTE\Device\MDR32F8\startup_1986ve8t.s
   Uses
      At line 159 in file RTE\Device\MDR32F8\startup_1986ve8t.s
      At line 414 in file RTE\Device\MDR32F8\startup_1986ve8t.s

INT_SPW1_Handler 00000050

Symbol: INT_SPW1_Handler
   Definitions
      At line 418 in file RTE\Device\MDR32F8\startup_1986ve8t.s
   Uses
      At line 160 in file RTE\Device\MDR32F8\startup_1986ve8t.s
      At line 419 in file RTE\Device\MDR32F8\startup_1986ve8t.s

INT_SSP0_Handler 00000068

Symbol: INT_SSP0_Handler
   Definitions
      At line 478 in file RTE\Device\MDR32F8\startup_1986ve8t.s
   Uses
      At line 172 in file RTE\Device\MDR32F8\startup_1986ve8t.s
      At line 479 in file RTE\Device\MDR32F8\startup_1986ve8t.s

INT_SSP1_Handler 0000006A

Symbol: INT_SSP1_Handler
   Definitions
      At line 483 in file RTE\Device\MDR32F8\startup_1986ve8t.s
   Uses
      At line 173 in file RTE\Device\MDR32F8\startup_1986ve8t.s
      At line 484 in file RTE\Device\MDR32F8\startup_1986ve8t.s

INT_SSP2_Handler 0000006C

Symbol: INT_SSP2_Handler
   Definitions
      At line 488 in file RTE\Device\MDR32F8\startup_1986ve8t.s
   Uses
      At line 174 in file RTE\Device\MDR32F8\startup_1986ve8t.s
      At line 489 in file RTE\Device\MDR32F8\startup_1986ve8t.s

INT_SSP3_Handler 0000006E

Symbol: INT_SSP3_Handler
   Definitions
      At line 493 in file RTE\Device\MDR32F8\startup_1986ve8t.s
   Uses
      At line 175 in file RTE\Device\MDR32F8\startup_1986ve8t.s
      At line 494 in file RTE\Device\MDR32F8\startup_1986ve8t.s




ARM Macro Assembler    Page 8 Alphabetic symbol ordering
Relocatable symbols

INT_TMR0_Handler 00000052

Symbol: INT_TMR0_Handler
   Definitions
      At line 423 in file RTE\Device\MDR32F8\startup_1986ve8t.s
   Uses
      At line 161 in file RTE\Device\MDR32F8\startup_1986ve8t.s
      At line 424 in file RTE\Device\MDR32F8\startup_1986ve8t.s

INT_TMR1_Handler 00000054

Symbol: INT_TMR1_Handler
   Definitions
      At line 428 in file RTE\Device\MDR32F8\startup_1986ve8t.s
   Uses
      At line 162 in file RTE\Device\MDR32F8\startup_1986ve8t.s
      At line 429 in file RTE\Device\MDR32F8\startup_1986ve8t.s

INT_TMR2_Handler 00000056

Symbol: INT_TMR2_Handler
   Definitions
      At line 433 in file RTE\Device\MDR32F8\startup_1986ve8t.s
   Uses
      At line 163 in file RTE\Device\MDR32F8\startup_1986ve8t.s
      At line 434 in file RTE\Device\MDR32F8\startup_1986ve8t.s

INT_TMR3_Handler 00000058

Symbol: INT_TMR3_Handler
   Definitions
      At line 438 in file RTE\Device\MDR32F8\startup_1986ve8t.s
   Uses
      At line 164 in file RTE\Device\MDR32F8\startup_1986ve8t.s
      At line 439 in file RTE\Device\MDR32F8\startup_1986ve8t.s

INT_TMR4_Handler 0000005A

Symbol: INT_TMR4_Handler
   Definitions
      At line 443 in file RTE\Device\MDR32F8\startup_1986ve8t.s
   Uses
      At line 165 in file RTE\Device\MDR32F8\startup_1986ve8t.s
      At line 444 in file RTE\Device\MDR32F8\startup_1986ve8t.s

INT_TMR5_Handler 0000005C

Symbol: INT_TMR5_Handler
   Definitions
      At line 448 in file RTE\Device\MDR32F8\startup_1986ve8t.s
   Uses
      At line 166 in file RTE\Device\MDR32F8\startup_1986ve8t.s
      At line 449 in file RTE\Device\MDR32F8\startup_1986ve8t.s

INT_TX_ARC0_Handler 0000007C

Symbol: INT_TX_ARC0_Handler
   Definitions
      At line 528 in file RTE\Device\MDR32F8\startup_1986ve8t.s



ARM Macro Assembler    Page 9 Alphabetic symbol ordering
Relocatable symbols

   Uses
      At line 182 in file RTE\Device\MDR32F8\startup_1986ve8t.s
      At line 529 in file RTE\Device\MDR32F8\startup_1986ve8t.s

INT_TX_ARC1_Handler 00000080

Symbol: INT_TX_ARC1_Handler
   Definitions
      At line 538 in file RTE\Device\MDR32F8\startup_1986ve8t.s
   Uses
      At line 184 in file RTE\Device\MDR32F8\startup_1986ve8t.s
      At line 539 in file RTE\Device\MDR32F8\startup_1986ve8t.s

INT_UART0_Handler 00000070

Symbol: INT_UART0_Handler
   Definitions
      At line 498 in file RTE\Device\MDR32F8\startup_1986ve8t.s
   Uses
      At line 176 in file RTE\Device\MDR32F8\startup_1986ve8t.s
      At line 499 in file RTE\Device\MDR32F8\startup_1986ve8t.s

INT_UART1_Handler 00000072

Symbol: INT_UART1_Handler
   Definitions
      At line 503 in file RTE\Device\MDR32F8\startup_1986ve8t.s
   Uses
      At line 177 in file RTE\Device\MDR32F8\startup_1986ve8t.s
      At line 504 in file RTE\Device\MDR32F8\startup_1986ve8t.s

INT_UART2_Handler 00000074

Symbol: INT_UART2_Handler
   Definitions
      At line 508 in file RTE\Device\MDR32F8\startup_1986ve8t.s
   Uses
      At line 178 in file RTE\Device\MDR32F8\startup_1986ve8t.s
      At line 509 in file RTE\Device\MDR32F8\startup_1986ve8t.s

INT_UART3_Handler 00000076

Symbol: INT_UART3_Handler
   Definitions
      At line 513 in file RTE\Device\MDR32F8\startup_1986ve8t.s
   Uses
      At line 179 in file RTE\Device\MDR32F8\startup_1986ve8t.s
      At line 514 in file RTE\Device\MDR32F8\startup_1986ve8t.s

INT_USB_Handler 00000078

Symbol: INT_USB_Handler
   Definitions
      At line 518 in file RTE\Device\MDR32F8\startup_1986ve8t.s
   Uses
      At line 180 in file RTE\Device\MDR32F8\startup_1986ve8t.s
      At line 519 in file RTE\Device\MDR32F8\startup_1986ve8t.s

IRQ_PORTA_Handler 0000003E



ARM Macro Assembler    Page 10 Alphabetic symbol ordering
Relocatable symbols


Symbol: IRQ_PORTA_Handler
   Definitions
      At line 373 in file RTE\Device\MDR32F8\startup_1986ve8t.s
   Uses
      At line 151 in file RTE\Device\MDR32F8\startup_1986ve8t.s
      At line 374 in file RTE\Device\MDR32F8\startup_1986ve8t.s

IRQ_PORTB_Handler 00000040

Symbol: IRQ_PORTB_Handler
   Definitions
      At line 378 in file RTE\Device\MDR32F8\startup_1986ve8t.s
   Uses
      At line 152 in file RTE\Device\MDR32F8\startup_1986ve8t.s
      At line 379 in file RTE\Device\MDR32F8\startup_1986ve8t.s

IRQ_PORTC_Handler 00000042

Symbol: IRQ_PORTC_Handler
   Definitions
      At line 383 in file RTE\Device\MDR32F8\startup_1986ve8t.s
   Uses
      At line 153 in file RTE\Device\MDR32F8\startup_1986ve8t.s
      At line 384 in file RTE\Device\MDR32F8\startup_1986ve8t.s

IRQ_PORTD_Handler 00000044

Symbol: IRQ_PORTD_Handler
   Definitions
      At line 388 in file RTE\Device\MDR32F8\startup_1986ve8t.s
   Uses
      At line 154 in file RTE\Device\MDR32F8\startup_1986ve8t.s
      At line 389 in file RTE\Device\MDR32F8\startup_1986ve8t.s

IRQ_PORTE_Handler 00000046

Symbol: IRQ_PORTE_Handler
   Definitions
      At line 393 in file RTE\Device\MDR32F8\startup_1986ve8t.s
   Uses
      At line 155 in file RTE\Device\MDR32F8\startup_1986ve8t.s
      At line 394 in file RTE\Device\MDR32F8\startup_1986ve8t.s

IRQ_PORTF_Handler 00000048

Symbol: IRQ_PORTF_Handler
   Definitions
      At line 398 in file RTE\Device\MDR32F8\startup_1986ve8t.s
   Uses
      At line 156 in file RTE\Device\MDR32F8\startup_1986ve8t.s
      At line 399 in file RTE\Device\MDR32F8\startup_1986ve8t.s

MemoryMngFault_Handler 00000008

Symbol: MemoryMngFault_Handler
   Definitions
      At line 238 in file RTE\Device\MDR32F8\startup_1986ve8t.s
   Uses



ARM Macro Assembler    Page 11 Alphabetic symbol ordering
Relocatable symbols

      At line 56 in file RTE\Device\MDR32F8\startup_1986ve8t.s
      At line 239 in file RTE\Device\MDR32F8\startup_1986ve8t.s

NMI_Handler 00000004

Symbol: NMI_Handler
   Definitions
      At line 228 in file RTE\Device\MDR32F8\startup_1986ve8t.s
   Uses
      At line 54 in file RTE\Device\MDR32F8\startup_1986ve8t.s
      At line 229 in file RTE\Device\MDR32F8\startup_1986ve8t.s

PVD_IF_Handler 0000001E

Symbol: PVD_IF_Handler
   Definitions
      At line 293 in file RTE\Device\MDR32F8\startup_1986ve8t.s
   Uses
      At line 105 in file RTE\Device\MDR32F8\startup_1986ve8t.s
      At line 294 in file RTE\Device\MDR32F8\startup_1986ve8t.s

PendSV_Handler 00000010

Symbol: PendSV_Handler
   Definitions
      At line 258 in file RTE\Device\MDR32F8\startup_1986ve8t.s
   Uses
      At line 66 in file RTE\Device\MDR32F8\startup_1986ve8t.s
      At line 259 in file RTE\Device\MDR32F8\startup_1986ve8t.s

RTC_IF_Handler 00000020

Symbol: RTC_IF_Handler
   Definitions
      At line 298 in file RTE\Device\MDR32F8\startup_1986ve8t.s
   Uses
      At line 106 in file RTE\Device\MDR32F8\startup_1986ve8t.s
      At line 299 in file RTE\Device\MDR32F8\startup_1986ve8t.s

Reset_Handler 00000000

Symbol: Reset_Handler
   Definitions
      At line 203 in file RTE\Device\MDR32F8\startup_1986ve8t.s
   Uses
      At line 53 in file RTE\Device\MDR32F8\startup_1986ve8t.s
      At line 204 in file RTE\Device\MDR32F8\startup_1986ve8t.s

SVCall_Handler 0000000E

Symbol: SVCall_Handler
   Definitions
      At line 253 in file RTE\Device\MDR32F8\startup_1986ve8t.s
   Uses
      At line 63 in file RTE\Device\MDR32F8\startup_1986ve8t.s
      At line 254 in file RTE\Device\MDR32F8\startup_1986ve8t.s

SysTick_Handler 00000012




ARM Macro Assembler    Page 12 Alphabetic symbol ordering
Relocatable symbols

Symbol: SysTick_Handler
   Definitions
      At line 263 in file RTE\Device\MDR32F8\startup_1986ve8t.s
   Uses
      At line 67 in file RTE\Device\MDR32F8\startup_1986ve8t.s
      At line 264 in file RTE\Device\MDR32F8\startup_1986ve8t.s

UsageFault_Handler 0000000C

Symbol: UsageFault_Handler
   Definitions
      At line 248 in file RTE\Device\MDR32F8\startup_1986ve8t.s
   Uses
      At line 58 in file RTE\Device\MDR32F8\startup_1986ve8t.s
      At line 249 in file RTE\Device\MDR32F8\startup_1986ve8t.s

__user_initial_stackheap 00000094

Symbol: __user_initial_stackheap
   Definitions
      At line 604 in file RTE\Device\MDR32F8\startup_1986ve8t.s
   Uses
      At line 603 in file RTE\Device\MDR32F8\startup_1986ve8t.s
Comment: __user_initial_stackheap used once
75 symbols



ARM Macro Assembler    Page 1 Alphabetic symbol ordering
Absolute symbols

BKP_BASE_KEY 400010F0

Symbol: BKP_BASE_KEY
   Definitions
      At line 31 in file RTE\Device\MDR32F8\startup_1986ve8t.s
   Uses
      None
Comment: BKP_BASE_KEY unused
BKP_KEY 8555AAA1

Symbol: BKP_KEY
   Definitions
      At line 30 in file RTE\Device\MDR32F8\startup_1986ve8t.s
   Uses
      None
Comment: BKP_KEY unused
BKP_RG60_0 40001100

Symbol: BKP_RG60_0
   Definitions
      At line 32 in file RTE\Device\MDR32F8\startup_1986ve8t.s
   Uses
      None
Comment: BKP_RG60_0 unused
BKP_RG60_1 40001110

Symbol: BKP_RG60_1
   Definitions
      At line 33 in file RTE\Device\MDR32F8\startup_1986ve8t.s
   Uses
      None
Comment: BKP_RG60_1 unused
BKP_RG60_2 40001120

Symbol: BKP_RG60_2
   Definitions
      At line 34 in file RTE\Device\MDR32F8\startup_1986ve8t.s
   Uses
      None
Comment: BKP_RG60_2 unused
Heap_Size 00003800

Symbol: Heap_Size
   Definitions
      At line 29 in file RTE\Device\MDR32F8\startup_1986ve8t.s
   Uses
      At line 39 in file RTE\Device\MDR32F8\startup_1986ve8t.s
      At line 608 in file RTE\Device\MDR32F8\startup_1986ve8t.s

Stack_Size 00001000

Symbol: Stack_Size
   Definitions
      At line 18 in file RTE\Device\MDR32F8\startup_1986ve8t.s
   Uses
      At line 21 in file RTE\Device\MDR32F8\startup_1986ve8t.s
      At line 607 in file RTE\Device\MDR32F8\startup_1986ve8t.s

__Vectors_Size 00000238



ARM Macro Assembler    Page 2 Alphabetic symbol ordering
Absolute symbols


Symbol: __Vectors_Size
   Definitions
      At line 196 in file RTE\Device\MDR32F8\startup_1986ve8t.s
   Uses
      At line 50 in file RTE\Device\MDR32F8\startup_1986ve8t.s
Comment: __Vectors_Size used once
8 symbols



ARM Macro Assembler    Page 1 Alphabetic symbol ordering
External symbols

__main 00000000

Symbol: __main
   Definitions
      At line 205 in file RTE\Device\MDR32F8\startup_1986ve8t.s
   Uses
      At line 221 in file RTE\Device\MDR32F8\startup_1986ve8t.s
Comment: __main used once
__use_two_region_memory 00000000

Symbol: __use_two_region_memory
   Definitions
      At line 602 in file RTE\Device\MDR32F8\startup_1986ve8t.s
   Uses
      None
Comment: __use_two_region_memory unused
2 symbols
433 symbols in table
